<html>
<head>
<title>TestNG:  Regression1</title>
<link href="../testng.css" rel="stylesheet" type="text/css" />
<link href="../my-testng.css" rel="stylesheet" type="text/css" />

<style type="text/css">
.log { display: none;} 
.stack-trace { display: none;} 
</style>
<script type="text/javascript">
<!--
function flip(e) {
  current = e.style.display;
  if (current == 'block') {
    e.style.display = 'none';
    return 0;
  }
  else {
    e.style.display = 'block';
    return 1;
  }
}

function toggleBox(szDivId, elem, msg1, msg2)
{
  var res = -1;  if (document.getElementById) {
    res = flip(document.getElementById(szDivId));
  }
  else if (document.all) {
    // this is the way old msie versions work
    res = flip(document.all[szDivId]);
  }
  if(elem) {
    if(res == 0) elem.innerHTML = msg1; else elem.innerHTML = msg2;
  }

}

function toggleAllBoxes() {
  if (document.getElementsByTagName) {
    d = document.getElementsByTagName('div');
    for (i = 0; i < d.length; i++) {
      if (d[i].className == 'log') {
        flip(d[i]);
      }
    }
  }
}

// -->
</script>

</head>
<body>
<h2 align='center'>Regression1</h2><table border='1' align="center">
<tr>
<td>Tests passed/Failed/Skipped:</td><td>3/5/0</td>
</tr><tr>
<td>Started on:</td><td>Wed Nov 13 22:09:32 IST 2024</td>
</tr>
<tr><td>Total time:</td><td>8 seconds (8416 ms)</td>
</tr><tr>
<td>Included groups:</td><td></td>
</tr><tr>
<td>Excluded groups:</td><td></td>
</tr>
</table><p/>
<small><i>(Hover the method name to see the test class name)</i></small><p/>
<table width='100%' border='1' class='invocation-failed'>
<tr><td colspan='4' align='center'><b>FAILED TESTS</b></td></tr>
<tr><td><b>Test method</b></td>
<td><b>Attribute(s)</b></td>
<td width="30%"><b>Exception</b></td>
<td width="10%"><b>Time (seconds)</b></td>
<td><b>Instance</b></td>
</tr>
<tr>
<td title='org.selenium.pom.tests.AddToCartTest.addToCartFeaturedProduct()'><b>addToCartFeaturedProduct</b><br>Test class: org.selenium.pom.tests.AddToCartTest</td>
<td><div><pre>java.lang.RuntimeException: java.lang.IllegalArgumentException: argument &quot;src&quot; is null
	at java.base/java.util.concurrent.Executors$RunnableAdapter.call(Executors.java:515)
	at java.base/java.util.concurrent.FutureTask.run(FutureTask.java:264)
	at java.base/java.util.concurrent.ThreadPoolExecutor.runWorker(ThreadPoolExecutor.java:1128)
	at java.base/java.util.concurrent.ThreadPoolExecutor$Worker.run(ThreadPoolExecutor.java:628)
	at java.base/java.lang.Thread.run(Thread.java:834)
Caused by: java.lang.IllegalArgumentException: argument &quot;src&quot; is null
	at com.fasterxml.jackson.databind.ObjectMapper._assertNotNull(ObjectMapper.java:4980)
	at com.fasterxml.jackson.databind.ObjectMapper.readValue(ObjectMapper.java:3808)
	at org.selenium.pom.utils.JacksonUtils.deserializeJson(JacksonUtils.java:18)
	at org.selenium.pom.dataprovider.CustomDataProvider.getFeaturedProducts(CustomDataProvider.java:19)
	... 15 more
... Removed 18 stack frames</pre></div><a href='#' onClick='toggleBox("stack-trace1925273697", this, "Click to show all stack frames", "Click to hide stack frames")'>Click to show all stack frames</a>
<div class='stack-trace' id='stack-trace1925273697'><pre>java.lang.RuntimeException: java.lang.IllegalArgumentException: argument &quot;src&quot; is null
	at org.testng.internal.invokers.MethodInvocationHelper.invokeMethodNoCheckedException(MethodInvocationHelper.java:58)
	at org.testng.internal.invokers.MethodInvocationHelper.invokeDataProvider(MethodInvocationHelper.java:159)
	at org.testng.internal.Parameters.handleParameters(Parameters.java:809)
	at org.testng.internal.Parameters.handleParameters(Parameters.java:734)
	at org.testng.internal.invokers.ParameterHandler.handleParameters(ParameterHandler.java:72)
	at org.testng.internal.invokers.ParameterHandler.createParameters(ParameterHandler.java:51)
	at org.testng.internal.invokers.TestInvoker$MethodInvocationAgent.invoke(TestInvoker.java:946)
	at org.testng.internal.invokers.TestInvoker.invokeTestMethods(TestInvoker.java:203)
	at org.testng.internal.invokers.TestMethodWorker.invokeTestMethods(TestMethodWorker.java:154)
	at org.testng.internal.invokers.TestMethodWorker.run(TestMethodWorker.java:134)
	at java.base/java.util.concurrent.Executors$RunnableAdapter.call(Executors.java:515)
	at java.base/java.util.concurrent.FutureTask.run(FutureTask.java:264)
	at org.testng.internal.thread.graph.TestNGFutureTask.run(TestNGFutureTask.java:22)
	at java.base/java.util.concurrent.ThreadPoolExecutor.runWorker(ThreadPoolExecutor.java:1128)
	at java.base/java.util.concurrent.ThreadPoolExecutor$Worker.run(ThreadPoolExecutor.java:628)
	at java.base/java.lang.Thread.run(Thread.java:834)
Caused by: java.lang.IllegalArgumentException: argument &quot;src&quot; is null
	at com.fasterxml.jackson.databind.ObjectMapper._assertNotNull(ObjectMapper.java:4980)
	at com.fasterxml.jackson.databind.ObjectMapper.readValue(ObjectMapper.java:3808)
	at org.selenium.pom.utils.JacksonUtils.deserializeJson(JacksonUtils.java:18)
	at org.selenium.pom.dataprovider.CustomDataProvider.getFeaturedProducts(CustomDataProvider.java:19)
	at java.base/jdk.internal.reflect.NativeMethodAccessorImpl.invoke0(Native Method)
	at java.base/jdk.internal.reflect.NativeMethodAccessorImpl.invoke(NativeMethodAccessorImpl.java:62)
	at java.base/jdk.internal.reflect.DelegatingMethodAccessorImpl.invoke(DelegatingMethodAccessorImpl.java:43)
	at java.base/java.lang.reflect.Method.invoke(Method.java:566)
	at org.testng.internal.invokers.MethodInvocationHelper.invokeMethod(MethodInvocationHelper.java:141)
	at org.testng.internal.invokers.MethodInvocationHelper.invokeMethod(MethodInvocationHelper.java:86)
	at org.testng.internal.invokers.MethodInvocationHelper.invokeMethodNoCheckedException(MethodInvocationHelper.java:54)
	... 15 more
</pre></div></td>
<td>0</td>
<td>org.selenium.pom.tests.AddToCartTest@3c9168dc</td></tr>
<tr>
<td title='org.selenium.pom.tests.AddToCartTest.addToCartFromStorePage()'><b>addToCartFromStorePage</b><br>Test class: org.selenium.pom.tests.AddToCartTest</td>
<td><div><pre>java.lang.IllegalArgumentException: argument &quot;src&quot; is null
	at com.fasterxml.jackson.databind.ObjectMapper._assertNotNull(ObjectMapper.java:4980)
	at com.fasterxml.jackson.databind.ObjectMapper.readValue(ObjectMapper.java:3808)
	at org.selenium.pom.utils.JacksonUtils.deserializeJson(JacksonUtils.java:18)
	at org.selenium.pom.objects.Products.&lt;init&gt;(Products.java:15)
	at org.selenium.pom.tests.AddToCartTest.addToCartFromStorePage(AddToCartTest.java:23)
	at java.base/java.util.concurrent.Executors$RunnableAdapter.call(Executors.java:515)
	at java.base/java.util.concurrent.FutureTask.run(FutureTask.java:264)
	at java.base/java.util.concurrent.ThreadPoolExecutor.runWorker(ThreadPoolExecutor.java:1128)
	at java.base/java.util.concurrent.ThreadPoolExecutor$Worker.run(ThreadPoolExecutor.java:628)
	at java.base/java.lang.Thread.run(Thread.java:834)
... Removed 13 stack frames</pre></div><a href='#' onClick='toggleBox("stack-trace1722668696", this, "Click to show all stack frames", "Click to hide stack frames")'>Click to show all stack frames</a>
<div class='stack-trace' id='stack-trace1722668696'><pre>java.lang.IllegalArgumentException: argument &quot;src&quot; is null
	at com.fasterxml.jackson.databind.ObjectMapper._assertNotNull(ObjectMapper.java:4980)
	at com.fasterxml.jackson.databind.ObjectMapper.readValue(ObjectMapper.java:3808)
	at org.selenium.pom.utils.JacksonUtils.deserializeJson(JacksonUtils.java:18)
	at org.selenium.pom.objects.Products.&lt;init&gt;(Products.java:15)
	at org.selenium.pom.tests.AddToCartTest.addToCartFromStorePage(AddToCartTest.java:23)
	at java.base/jdk.internal.reflect.NativeMethodAccessorImpl.invoke0(Native Method)
	at java.base/jdk.internal.reflect.NativeMethodAccessorImpl.invoke(NativeMethodAccessorImpl.java:62)
	at java.base/jdk.internal.reflect.DelegatingMethodAccessorImpl.invoke(DelegatingMethodAccessorImpl.java:43)
	at java.base/java.lang.reflect.Method.invoke(Method.java:566)
	at org.testng.internal.invokers.MethodInvocationHelper.invokeMethod(MethodInvocationHelper.java:141)
	at org.testng.internal.invokers.TestInvoker.invokeMethod(TestInvoker.java:686)
	at org.testng.internal.invokers.TestInvoker.invokeTestMethod(TestInvoker.java:230)
	at org.testng.internal.invokers.MethodRunner.runInSequence(MethodRunner.java:63)
	at org.testng.internal.invokers.TestInvoker$MethodInvocationAgent.invoke(TestInvoker.java:992)
	at org.testng.internal.invokers.TestInvoker.invokeTestMethods(TestInvoker.java:203)
	at org.testng.internal.invokers.TestMethodWorker.invokeTestMethods(TestMethodWorker.java:154)
	at org.testng.internal.invokers.TestMethodWorker.run(TestMethodWorker.java:134)
	at java.base/java.util.concurrent.Executors$RunnableAdapter.call(Executors.java:515)
	at java.base/java.util.concurrent.FutureTask.run(FutureTask.java:264)
	at org.testng.internal.thread.graph.TestNGFutureTask.run(TestNGFutureTask.java:22)
	at java.base/java.util.concurrent.ThreadPoolExecutor.runWorker(ThreadPoolExecutor.java:1128)
	at java.base/java.util.concurrent.ThreadPoolExecutor$Worker.run(ThreadPoolExecutor.java:628)
	at java.base/java.lang.Thread.run(Thread.java:834)
</pre></div></td>
<td>0</td>
<td>org.selenium.pom.tests.AddToCartTest@3c9168dc</td></tr>
<tr>
<td title='org.selenium.pom.tests.LoginTest.loginDuringCheckOut()'><b>loginDuringCheckOut</b><br>Test class: org.selenium.pom.tests.LoginTest</td>
<td><div><pre>java.lang.IllegalArgumentException: argument &quot;src&quot; is null
	at com.fasterxml.jackson.databind.ObjectMapper._assertNotNull(ObjectMapper.java:4980)
	at com.fasterxml.jackson.databind.ObjectMapper.readValue(ObjectMapper.java:3808)
	at org.selenium.pom.utils.JacksonUtils.deserializeJson(JacksonUtils.java:18)
	at org.selenium.pom.objects.Products.&lt;init&gt;(Products.java:15)
	at org.selenium.pom.tests.LoginTest.loginDuringCheckOut(LoginTest.java:26)
	at java.base/java.util.concurrent.Executors$RunnableAdapter.call(Executors.java:515)
	at java.base/java.util.concurrent.FutureTask.run(FutureTask.java:264)
	at java.base/java.util.concurrent.ThreadPoolExecutor.runWorker(ThreadPoolExecutor.java:1128)
	at java.base/java.util.concurrent.ThreadPoolExecutor$Worker.run(ThreadPoolExecutor.java:628)
	at java.base/java.lang.Thread.run(Thread.java:834)
... Removed 13 stack frames</pre></div><a href='#' onClick='toggleBox("stack-trace911449205", this, "Click to show all stack frames", "Click to hide stack frames")'>Click to show all stack frames</a>
<div class='stack-trace' id='stack-trace911449205'><pre>java.lang.IllegalArgumentException: argument &quot;src&quot; is null
	at com.fasterxml.jackson.databind.ObjectMapper._assertNotNull(ObjectMapper.java:4980)
	at com.fasterxml.jackson.databind.ObjectMapper.readValue(ObjectMapper.java:3808)
	at org.selenium.pom.utils.JacksonUtils.deserializeJson(JacksonUtils.java:18)
	at org.selenium.pom.objects.Products.&lt;init&gt;(Products.java:15)
	at org.selenium.pom.tests.LoginTest.loginDuringCheckOut(LoginTest.java:26)
	at java.base/jdk.internal.reflect.NativeMethodAccessorImpl.invoke0(Native Method)
	at java.base/jdk.internal.reflect.NativeMethodAccessorImpl.invoke(NativeMethodAccessorImpl.java:62)
	at java.base/jdk.internal.reflect.DelegatingMethodAccessorImpl.invoke(DelegatingMethodAccessorImpl.java:43)
	at java.base/java.lang.reflect.Method.invoke(Method.java:566)
	at org.testng.internal.invokers.MethodInvocationHelper.invokeMethod(MethodInvocationHelper.java:141)
	at org.testng.internal.invokers.TestInvoker.invokeMethod(TestInvoker.java:686)
	at org.testng.internal.invokers.TestInvoker.invokeTestMethod(TestInvoker.java:230)
	at org.testng.internal.invokers.MethodRunner.runInSequence(MethodRunner.java:63)
	at org.testng.internal.invokers.TestInvoker$MethodInvocationAgent.invoke(TestInvoker.java:992)
	at org.testng.internal.invokers.TestInvoker.invokeTestMethods(TestInvoker.java:203)
	at org.testng.internal.invokers.TestMethodWorker.invokeTestMethods(TestMethodWorker.java:154)
	at org.testng.internal.invokers.TestMethodWorker.run(TestMethodWorker.java:134)
	at java.base/java.util.concurrent.Executors$RunnableAdapter.call(Executors.java:515)
	at java.base/java.util.concurrent.FutureTask.run(FutureTask.java:264)
	at org.testng.internal.thread.graph.TestNGFutureTask.run(TestNGFutureTask.java:22)
	at java.base/java.util.concurrent.ThreadPoolExecutor.runWorker(ThreadPoolExecutor.java:1128)
	at java.base/java.util.concurrent.ThreadPoolExecutor$Worker.run(ThreadPoolExecutor.java:628)
	at java.base/java.lang.Thread.run(Thread.java:834)
</pre></div></td>
<td>3</td>
<td>org.selenium.pom.tests.LoginTest@37f21974</td></tr>
<tr>
<td title='org.selenium.pom.tests.CheckOutTest.loginAndCheckOutUsingDirectBankTransfer()'><b>loginAndCheckOutUsingDirectBankTransfer</b><br>Test class: org.selenium.pom.tests.CheckOutTest</td>
<td><div><pre>java.lang.IllegalArgumentException: argument &quot;src&quot; is null
	at com.fasterxml.jackson.databind.ObjectMapper._assertNotNull(ObjectMapper.java:4980)
	at com.fasterxml.jackson.databind.ObjectMapper.readValue(ObjectMapper.java:3808)
	at org.selenium.pom.utils.JacksonUtils.deserializeJson(JacksonUtils.java:18)
	at org.selenium.pom.tests.CheckOutTest.loginAndCheckOutUsingDirectBankTransfer(CheckOutTest.java:37)
	at java.base/java.util.concurrent.Executors$RunnableAdapter.call(Executors.java:515)
	at java.base/java.util.concurrent.FutureTask.run(FutureTask.java:264)
	at java.base/java.util.concurrent.ThreadPoolExecutor.runWorker(ThreadPoolExecutor.java:1128)
	at java.base/java.util.concurrent.ThreadPoolExecutor$Worker.run(ThreadPoolExecutor.java:628)
	at java.base/java.lang.Thread.run(Thread.java:834)
... Removed 13 stack frames</pre></div><a href='#' onClick='toggleBox("stack-trace580476607", this, "Click to show all stack frames", "Click to hide stack frames")'>Click to show all stack frames</a>
<div class='stack-trace' id='stack-trace580476607'><pre>java.lang.IllegalArgumentException: argument &quot;src&quot; is null
	at com.fasterxml.jackson.databind.ObjectMapper._assertNotNull(ObjectMapper.java:4980)
	at com.fasterxml.jackson.databind.ObjectMapper.readValue(ObjectMapper.java:3808)
	at org.selenium.pom.utils.JacksonUtils.deserializeJson(JacksonUtils.java:18)
	at org.selenium.pom.tests.CheckOutTest.loginAndCheckOutUsingDirectBankTransfer(CheckOutTest.java:37)
	at java.base/jdk.internal.reflect.NativeMethodAccessorImpl.invoke0(Native Method)
	at java.base/jdk.internal.reflect.NativeMethodAccessorImpl.invoke(NativeMethodAccessorImpl.java:62)
	at java.base/jdk.internal.reflect.DelegatingMethodAccessorImpl.invoke(DelegatingMethodAccessorImpl.java:43)
	at java.base/java.lang.reflect.Method.invoke(Method.java:566)
	at org.testng.internal.invokers.MethodInvocationHelper.invokeMethod(MethodInvocationHelper.java:141)
	at org.testng.internal.invokers.TestInvoker.invokeMethod(TestInvoker.java:686)
	at org.testng.internal.invokers.TestInvoker.invokeTestMethod(TestInvoker.java:230)
	at org.testng.internal.invokers.MethodRunner.runInSequence(MethodRunner.java:63)
	at org.testng.internal.invokers.TestInvoker$MethodInvocationAgent.invoke(TestInvoker.java:992)
	at org.testng.internal.invokers.TestInvoker.invokeTestMethods(TestInvoker.java:203)
	at org.testng.internal.invokers.TestMethodWorker.invokeTestMethods(TestMethodWorker.java:154)
	at org.testng.internal.invokers.TestMethodWorker.run(TestMethodWorker.java:134)
	at java.base/java.util.concurrent.Executors$RunnableAdapter.call(Executors.java:515)
	at java.base/java.util.concurrent.FutureTask.run(FutureTask.java:264)
	at org.testng.internal.thread.graph.TestNGFutureTask.run(TestNGFutureTask.java:22)
	at java.base/java.util.concurrent.ThreadPoolExecutor.runWorker(ThreadPoolExecutor.java:1128)
	at java.base/java.util.concurrent.ThreadPoolExecutor$Worker.run(ThreadPoolExecutor.java:628)
	at java.base/java.lang.Thread.run(Thread.java:834)
</pre></div></td>
<td>0</td>
<td>org.selenium.pom.tests.CheckOutTest@332a7fce</td></tr>
<tr>
<td title='org.selenium.pom.tests.CheckOutTest.guestCheckOutUsingDirectBankTransfer()'><b>guestCheckOutUsingDirectBankTransfer</b><br>Test class: org.selenium.pom.tests.CheckOutTest</td>
<td><div><pre>java.lang.IllegalArgumentException: argument &quot;src&quot; is null
	at com.fasterxml.jackson.databind.ObjectMapper._assertNotNull(ObjectMapper.java:4980)
	at com.fasterxml.jackson.databind.ObjectMapper.readValue(ObjectMapper.java:3808)
	at org.selenium.pom.utils.JacksonUtils.deserializeJson(JacksonUtils.java:18)
	at org.selenium.pom.tests.CheckOutTest.guestCheckOutUsingDirectBankTransfer(CheckOutTest.java:21)
	at java.base/java.util.concurrent.Executors$RunnableAdapter.call(Executors.java:515)
	at java.base/java.util.concurrent.FutureTask.run(FutureTask.java:264)
	at java.base/java.util.concurrent.ThreadPoolExecutor.runWorker(ThreadPoolExecutor.java:1128)
	at java.base/java.util.concurrent.ThreadPoolExecutor$Worker.run(ThreadPoolExecutor.java:628)
	at java.base/java.lang.Thread.run(Thread.java:834)
... Removed 13 stack frames</pre></div><a href='#' onClick='toggleBox("stack-trace1620930723", this, "Click to show all stack frames", "Click to hide stack frames")'>Click to show all stack frames</a>
<div class='stack-trace' id='stack-trace1620930723'><pre>java.lang.IllegalArgumentException: argument &quot;src&quot; is null
	at com.fasterxml.jackson.databind.ObjectMapper._assertNotNull(ObjectMapper.java:4980)
	at com.fasterxml.jackson.databind.ObjectMapper.readValue(ObjectMapper.java:3808)
	at org.selenium.pom.utils.JacksonUtils.deserializeJson(JacksonUtils.java:18)
	at org.selenium.pom.tests.CheckOutTest.guestCheckOutUsingDirectBankTransfer(CheckOutTest.java:21)
	at java.base/jdk.internal.reflect.NativeMethodAccessorImpl.invoke0(Native Method)
	at java.base/jdk.internal.reflect.NativeMethodAccessorImpl.invoke(NativeMethodAccessorImpl.java:62)
	at java.base/jdk.internal.reflect.DelegatingMethodAccessorImpl.invoke(DelegatingMethodAccessorImpl.java:43)
	at java.base/java.lang.reflect.Method.invoke(Method.java:566)
	at org.testng.internal.invokers.MethodInvocationHelper.invokeMethod(MethodInvocationHelper.java:141)
	at org.testng.internal.invokers.TestInvoker.invokeMethod(TestInvoker.java:686)
	at org.testng.internal.invokers.TestInvoker.invokeTestMethod(TestInvoker.java:230)
	at org.testng.internal.invokers.MethodRunner.runInSequence(MethodRunner.java:63)
	at org.testng.internal.invokers.TestInvoker$MethodInvocationAgent.invoke(TestInvoker.java:992)
	at org.testng.internal.invokers.TestInvoker.invokeTestMethods(TestInvoker.java:203)
	at org.testng.internal.invokers.TestMethodWorker.invokeTestMethods(TestMethodWorker.java:154)
	at org.testng.internal.invokers.TestMethodWorker.run(TestMethodWorker.java:134)
	at java.base/java.util.concurrent.Executors$RunnableAdapter.call(Executors.java:515)
	at java.base/java.util.concurrent.FutureTask.run(FutureTask.java:264)
	at org.testng.internal.thread.graph.TestNGFutureTask.run(TestNGFutureTask.java:22)
	at java.base/java.util.concurrent.ThreadPoolExecutor.runWorker(ThreadPoolExecutor.java:1128)
	at java.base/java.util.concurrent.ThreadPoolExecutor$Worker.run(ThreadPoolExecutor.java:628)
	at java.base/java.lang.Thread.run(Thread.java:834)
</pre></div></td>
<td>0</td>
<td>org.selenium.pom.tests.CheckOutTest@332a7fce</td></tr>
</table><p>
<table width='100%' border='1' class='invocation-passed'>
<tr><td colspan='4' align='center'><b>PASSED TESTS</b></td></tr>
<tr><td><b>Test method</b></td>
<td><b>Attribute(s)</b></td>
<td width="30%"><b>Exception</b></td>
<td width="10%"><b>Time (seconds)</b></td>
<td><b>Instance</b></td>
</tr>
<tr>
<td title='org.selenium.pom.tests.AddToCartTest.addToCartProductFromStore()'><b>addToCartProductFromStore</b><br>Test class: org.selenium.pom.tests.AddToCartTest<br>Parameters: [org.selenium.pom.objects.StoreProducts@2a608ecf, org.selenium.pom.objects.StoreProducts@33949d20, org.selenium.pom.objects.StoreProducts@447e5636, org.selenium.pom.objects.StoreProducts@4e514c78, org.selenium.pom.objects.StoreProducts@60e9a58b]</td>
<td></td>
<td>3</td>
<td>org.selenium.pom.tests.AddToCartTest@3c9168dc</td></tr>
<tr>
<td title='org.selenium.pom.tests.SearchTest.SearchWithPartialTest()'><b>SearchWithPartialTest</b><br>Test class: org.selenium.pom.tests.SearchTest</td>
<td></td>
<td>2</td>
<td>org.selenium.pom.tests.SearchTest@549621f3</td></tr>
<tr>
<td title='org.selenium.pom.tests.SearchTest.dummytest3()'><b>dummytest3</b><br>Test class: org.selenium.pom.tests.SearchTest</td>
<td></td>
<td>0</td>
<td>org.selenium.pom.tests.SearchTest@549621f3</td></tr>
</table><p>
</body>
</html>