<?xml version="1.0" encoding="UTF-8"?>
<!-- Generated by org.testng.reporters.JUnitXMLReporter -->
<testsuite ignored="0" hostname="Sunils-MacBook-Air.local" failures="5" tests="8" name="Regression1" time="8.416" errors="0" timestamp="2024-11-13T22:09:41 IST">
  <testcase classname="org.selenium.pom.tests.AddToCartTest" name="addToCartFeaturedProduct" time="0.0">
    <failure type="java.lang.RuntimeException" message="java.lang.IllegalArgumentException: argument &amp;quot;src&amp;quot; is null">
      <![CDATA[java.lang.RuntimeException: java.lang.IllegalArgumentException: argument "src" is null
at java.base/java.util.concurrent.Executors$RunnableAdapter.call(Executors.java:515)
at java.base/java.util.concurrent.FutureTask.run(FutureTask.java:264)
at java.base/java.util.concurrent.ThreadPoolExecutor.runWorker(ThreadPoolExecutor.java:1128)
at java.base/java.util.concurrent.ThreadPoolExecutor$Worker.run(ThreadPoolExecutor.java:628)
at java.base/java.lang.Thread.run(Thread.java:834)
Caused by: java.lang.IllegalArgumentException: argument "src" is null
at com.fasterxml.jackson.databind.ObjectMapper._assertNotNull(ObjectMapper.java:4980)
at com.fasterxml.jackson.databind.ObjectMapper.readValue(ObjectMapper.java:3808)
at org.selenium.pom.utils.JacksonUtils.deserializeJson(JacksonUtils.java:18)
at org.selenium.pom.dataprovider.CustomDataProvider.getFeaturedProducts(CustomDataProvider.java:19)
... 15 more
... Removed 18 stack frames]]>
    </failure>
  </testcase> <!-- addToCartFeaturedProduct -->
  <testcase classname="org.selenium.pom.tests.AddToCartTest" name="addToCartFromStorePage" time="0.002">
    <failure type="java.lang.IllegalArgumentException" message="argument &amp;quot;src&amp;quot; is null">
      <![CDATA[java.lang.IllegalArgumentException: argument "src" is null
at com.fasterxml.jackson.databind.ObjectMapper._assertNotNull(ObjectMapper.java:4980)
at com.fasterxml.jackson.databind.ObjectMapper.readValue(ObjectMapper.java:3808)
at org.selenium.pom.utils.JacksonUtils.deserializeJson(JacksonUtils.java:18)
at org.selenium.pom.objects.Products.<init>(Products.java:15)
at org.selenium.pom.tests.AddToCartTest.addToCartFromStorePage(AddToCartTest.java:23)
at java.base/java.util.concurrent.Executors$RunnableAdapter.call(Executors.java:515)
at java.base/java.util.concurrent.FutureTask.run(FutureTask.java:264)
at java.base/java.util.concurrent.ThreadPoolExecutor.runWorker(ThreadPoolExecutor.java:1128)
at java.base/java.util.concurrent.ThreadPoolExecutor$Worker.run(ThreadPoolExecutor.java:628)
at java.base/java.lang.Thread.run(Thread.java:834)
... Removed 13 stack frames]]>
    </failure>
  </testcase> <!-- addToCartFromStorePage -->
  <testcase classname="org.selenium.pom.tests.LoginTest" name="loginDuringCheckOut" time="3.235">
    <failure type="java.lang.IllegalArgumentException" message="argument &amp;quot;src&amp;quot; is null">
      <![CDATA[java.lang.IllegalArgumentException: argument "src" is null
at com.fasterxml.jackson.databind.ObjectMapper._assertNotNull(ObjectMapper.java:4980)
at com.fasterxml.jackson.databind.ObjectMapper.readValue(ObjectMapper.java:3808)
at org.selenium.pom.utils.JacksonUtils.deserializeJson(JacksonUtils.java:18)
at org.selenium.pom.objects.Products.<init>(Products.java:15)
at org.selenium.pom.tests.LoginTest.loginDuringCheckOut(LoginTest.java:26)
at java.base/java.util.concurrent.Executors$RunnableAdapter.call(Executors.java:515)
at java.base/java.util.concurrent.FutureTask.run(FutureTask.java:264)
at java.base/java.util.concurrent.ThreadPoolExecutor.runWorker(ThreadPoolExecutor.java:1128)
at java.base/java.util.concurrent.ThreadPoolExecutor$Worker.run(ThreadPoolExecutor.java:628)
at java.base/java.lang.Thread.run(Thread.java:834)
... Removed 13 stack frames]]>
    </failure>
  </testcase> <!-- loginDuringCheckOut -->
  <testcase classname="org.selenium.pom.tests.CheckOutTest" name="guestCheckOutUsingDirectBankTransfer" time="0.007">
    <failure type="java.lang.IllegalArgumentException" message="argument &amp;quot;src&amp;quot; is null">
      <![CDATA[java.lang.IllegalArgumentException: argument "src" is null
at com.fasterxml.jackson.databind.ObjectMapper._assertNotNull(ObjectMapper.java:4980)
at com.fasterxml.jackson.databind.ObjectMapper.readValue(ObjectMapper.java:3808)
at org.selenium.pom.utils.JacksonUtils.deserializeJson(JacksonUtils.java:18)
at org.selenium.pom.tests.CheckOutTest.guestCheckOutUsingDirectBankTransfer(CheckOutTest.java:21)
at java.base/java.util.concurrent.Executors$RunnableAdapter.call(Executors.java:515)
at java.base/java.util.concurrent.FutureTask.run(FutureTask.java:264)
at java.base/java.util.concurrent.ThreadPoolExecutor.runWorker(ThreadPoolExecutor.java:1128)
at java.base/java.util.concurrent.ThreadPoolExecutor$Worker.run(ThreadPoolExecutor.java:628)
at java.base/java.lang.Thread.run(Thread.java:834)
... Removed 13 stack frames]]>
    </failure>
  </testcase> <!-- guestCheckOutUsingDirectBankTransfer -->
  <testcase classname="org.selenium.pom.tests.CheckOutTest" name="loginAndCheckOutUsingDirectBankTransfer" time="0.002">
    <failure type="java.lang.IllegalArgumentException" message="argument &amp;quot;src&amp;quot; is null">
      <![CDATA[java.lang.IllegalArgumentException: argument "src" is null
at com.fasterxml.jackson.databind.ObjectMapper._assertNotNull(ObjectMapper.java:4980)
at com.fasterxml.jackson.databind.ObjectMapper.readValue(ObjectMapper.java:3808)
at org.selenium.pom.utils.JacksonUtils.deserializeJson(JacksonUtils.java:18)
at org.selenium.pom.tests.CheckOutTest.loginAndCheckOutUsingDirectBankTransfer(CheckOutTest.java:37)
at java.base/java.util.concurrent.Executors$RunnableAdapter.call(Executors.java:515)
at java.base/java.util.concurrent.FutureTask.run(FutureTask.java:264)
at java.base/java.util.concurrent.ThreadPoolExecutor.runWorker(ThreadPoolExecutor.java:1128)
at java.base/java.util.concurrent.ThreadPoolExecutor$Worker.run(ThreadPoolExecutor.java:628)
at java.base/java.lang.Thread.run(Thread.java:834)
... Removed 13 stack frames]]>
    </failure>
  </testcase> <!-- loginAndCheckOutUsingDirectBankTransfer -->
  <testcase classname="org.selenium.pom.tests.AddToCartTest" name="addToCartProductFromStore" time="3.505"/>
  <testcase classname="org.selenium.pom.tests.SearchTest" name="dummytest3" time="0.001"/>
  <testcase classname="org.selenium.pom.tests.SearchTest" name="SearchWithPartialTest" time="2.105"/>
</testsuite> <!-- Regression1 -->
