{"uuid":"dbfeb111-026d-4d43-8904-ccefe149d03c","historyId":"695199b113b1a41c950abf74a168f851","fullName":"org.selenium.pom.tests.AddToCartTest.addToCartFeaturedProduct","labels":[{"name":"package","value":"org.selenium.pom.tests.AddToCartTest"},{"name":"testClass","value":"org.selenium.pom.tests.AddToCartTest"},{"name":"testMethod","value":"addToCartFeaturedProduct"},{"name":"parentSuite","value":"Suite1"},{"name":"suite","value":"Regression1"},{"name":"subSuite","value":"org.selenium.pom.tests.AddToCartTest"},{"name":"host","value":"Sunils-MacBook-Air.local"},{"name":"thread","value":"31916@Sunils-MacBook-Air.local.TestNG-test-Regression1-2(23)"},{"name":"framework","value":"testng"},{"name":"language","value":"java"}],"links":[],"name":"addToCartFeaturedProduct","status":"broken","statusDetails":{"known":false,"muted":false,"flaky":false,"message":"java.lang.IllegalArgumentException: argument \"src\" is null","trace":"java.lang.RuntimeException: java.lang.IllegalArgumentException: argument \"src\" is null\n\tat org.testng.internal.invokers.MethodInvocationHelper.invokeMethodNoCheckedException(MethodInvocationHelper.java:58)\n\tat org.testng.internal.invokers.MethodInvocationHelper.invokeDataProvider(MethodInvocationHelper.java:159)\n\tat org.testng.internal.Parameters.handleParameters(Parameters.java:809)\n\tat org.testng.internal.Parameters.handleParameters(Parameters.java:734)\n\tat org.testng.internal.invokers.ParameterHandler.handleParameters(ParameterHandler.java:72)\n\tat org.testng.internal.invokers.ParameterHandler.createParameters(ParameterHandler.java:51)\n\tat org.testng.internal.invokers.TestInvoker$MethodInvocationAgent.invoke(TestInvoker.java:946)\n\tat org.testng.internal.invokers.TestInvoker.invokeTestMethods(TestInvoker.java:203)\n\tat org.testng.internal.invokers.TestMethodWorker.invokeTestMethods(TestMethodWorker.java:154)\n\tat org.testng.internal.invokers.TestMethodWorker.run(TestMethodWorker.java:134)\n\tat java.base/java.util.concurrent.Executors$RunnableAdapter.call(Executors.java:515)\n\tat java.base/java.util.concurrent.FutureTask.run(FutureTask.java:264)\n\tat org.testng.internal.thread.graph.TestNGFutureTask.run(TestNGFutureTask.java:22)\n\tat java.base/java.util.concurrent.ThreadPoolExecutor.runWorker(ThreadPoolExecutor.java:1128)\n\tat java.base/java.util.concurrent.ThreadPoolExecutor$Worker.run(ThreadPoolExecutor.java:628)\n\tat java.base/java.lang.Thread.run(Thread.java:834)\nCaused by: java.lang.IllegalArgumentException: argument \"src\" is null\n\tat com.fasterxml.jackson.databind.ObjectMapper._assertNotNull(ObjectMapper.java:4980)\n\tat com.fasterxml.jackson.databind.ObjectMapper.readValue(ObjectMapper.java:3808)\n\tat org.selenium.pom.utils.JacksonUtils.deserializeJson(JacksonUtils.java:18)\n\tat org.selenium.pom.dataprovider.CustomDataProvider.getFeaturedProducts(CustomDataProvider.java:19)\n\tat java.base/jdk.internal.reflect.NativeMethodAccessorImpl.invoke0(Native Method)\n\tat java.base/jdk.internal.reflect.NativeMethodAccessorImpl.invoke(NativeMethodAccessorImpl.java:62)\n\tat java.base/jdk.internal.reflect.DelegatingMethodAccessorImpl.invoke(DelegatingMethodAccessorImpl.java:43)\n\tat java.base/java.lang.reflect.Method.invoke(Method.java:566)\n\tat org.testng.internal.invokers.MethodInvocationHelper.invokeMethod(MethodInvocationHelper.java:141)\n\tat org.testng.internal.invokers.MethodInvocationHelper.invokeMethod(MethodInvocationHelper.java:86)\n\tat org.testng.internal.invokers.MethodInvocationHelper.invokeMethodNoCheckedException(MethodInvocationHelper.java:54)\n\t... 15 more\n"},"stage":"finished","steps":[],"attachments":[],"parameters":[{"name":"browser","value":"CHROME"}],"start":1731514645458,"stop":1731514645459}