<!DOCTYPE html PUBLIC "-//W3C//DTD XHTML 1.1//EN" "https://www.w3.org/TR/xhtml11/DTD/xhtml11.dtd">
<html xmlns="https://www.w3.org/1999/xhtml">
<head>
<meta http-equiv="content-type" content="text/html; charset=UTF-8"/>
<title>TestNG Report</title>
<style type="text/css">table {margin-bottom:10px;border-collapse:collapse;empty-cells:show}th,td {border:1px solid #009;padding:.25em .5em}th {vertical-align:bottom}td {vertical-align:top}table a {font-weight:bold}.stripe td {background-color: #E6EBF9}.num {text-align:right}.passedodd td {background-color: #3F3}.passedeven td {background-color: #0A0}.skippedodd td {background-color: #DDD}.skippedeven td {background-color: #CCC}.failedodd td,.attn {background-color: #F33}.failedeven td,.stripe .attn {background-color: #D00}.stacktrace {white-space:pre;font-family:monospace}.totop {font-size:85%;text-align:center;border-bottom:2px solid #000}.invisible {display:none}</style>
</head>
<body>
<table>
<tr><th>Test</th><th># Passed</th><th># Skipped</th><th># Retried</th><th># Failed</th><th>Time (ms)</th><th>Included Groups</th><th>Excluded Groups</th></tr>
<tr><th colspan="8">Suite1</th></tr>
<tr><td><a href="#t0">Regression1</a></td><td class="num">3</td><td class="num">0</td><td class="num">0</td><td class="num attn">5</td><td class="num">8,416</td><td></td><td></td></tr>
</table>
<table id='summary'><thead><tr><th>Class</th><th>Method</th><th>Start</th><th>Time (ms)</th></tr></thead><tbody><tr><th colspan="4">Suite1</th></tr></tbody><tbody id="t0"><tr><th colspan="4">Regression1 &#8212; failed</th></tr><tr class="failedeven"><td rowspan="2">org.selenium.pom.tests.AddToCartTest</td><td><a href="#m0">addToCartFeaturedProduct</a></td><td rowspan="1">1731515972798</td><td rowspan="1">0</td></tr><tr class="failedeven"><td><a href="#m1">addToCartFromStorePage</a></td><td rowspan="1">1731515973839</td><td rowspan="1">2</td></tr><tr class="failedodd"><td rowspan="2">org.selenium.pom.tests.CheckOutTest</td><td><a href="#m2">guestCheckOutUsingDirectBankTransfer</a></td><td rowspan="1">1731515977896</td><td rowspan="1">7</td></tr><tr class="failedodd"><td><a href="#m3">loginAndCheckOutUsingDirectBankTransfer</a></td><td rowspan="1">1731515978364</td><td rowspan="1">2</td></tr><tr class="failedeven"><td rowspan="1">org.selenium.pom.tests.LoginTest</td><td><a href="#m4">loginDuringCheckOut</a></td><td rowspan="1">1731515973839</td><td rowspan="1">3235</td></tr><tr><th colspan="4">Regression1 &#8212; passed</th></tr><tr class="passedeven"><td rowspan="1">org.selenium.pom.tests.AddToCartTest</td><td><a href="#m5">addToCartProductFromStore</a></td><td rowspan="1">1731515975457</td><td rowspan="1">3505</td></tr><tr class="passedodd"><td rowspan="2">org.selenium.pom.tests.SearchTest</td><td><a href="#m6">SearchWithPartialTest</a></td><td rowspan="1">1731515978943</td><td rowspan="1">2105</td></tr><tr class="passedodd"><td><a href="#m7">dummytest3</a></td><td rowspan="1">1731515979276</td><td rowspan="1">1</td></tr></tbody>
</table>
<h2>Regression1</h2><h3 id="m0">org.selenium.pom.tests.AddToCartTest#addToCartFeaturedProduct</h3><table class="result"><tr><th>Exception</th></tr><tr><td><div class="stacktrace">java.lang.RuntimeException: java.lang.IllegalArgumentException: argument &quot;src&quot; is null
	at java.base/java.util.concurrent.Executors$RunnableAdapter.call(Executors.java:515)
	at java.base/java.util.concurrent.FutureTask.run(FutureTask.java:264)
	at java.base/java.util.concurrent.ThreadPoolExecutor.runWorker(ThreadPoolExecutor.java:1128)
	at java.base/java.util.concurrent.ThreadPoolExecutor$Worker.run(ThreadPoolExecutor.java:628)
	at java.base/java.lang.Thread.run(Thread.java:834)
Caused by: java.lang.IllegalArgumentException: argument &quot;src&quot; is null
	at com.fasterxml.jackson.databind.ObjectMapper._assertNotNull(ObjectMapper.java:4980)
	at com.fasterxml.jackson.databind.ObjectMapper.readValue(ObjectMapper.java:3808)
	at org.selenium.pom.utils.JacksonUtils.deserializeJson(JacksonUtils.java:18)
	at org.selenium.pom.dataprovider.CustomDataProvider.getFeaturedProducts(CustomDataProvider.java:19)
	... 15 more
... Removed 18 stack frames</div></td></tr></table><p class="totop"><a href="#summary">back to summary</a></p>
<h3 id="m1">org.selenium.pom.tests.AddToCartTest#addToCartFromStorePage</h3><table class="result"><tr><th>Exception</th></tr><tr><td><div class="stacktrace">java.lang.IllegalArgumentException: argument &quot;src&quot; is null
	at com.fasterxml.jackson.databind.ObjectMapper._assertNotNull(ObjectMapper.java:4980)
	at com.fasterxml.jackson.databind.ObjectMapper.readValue(ObjectMapper.java:3808)
	at org.selenium.pom.utils.JacksonUtils.deserializeJson(JacksonUtils.java:18)
	at org.selenium.pom.objects.Products.&lt;init&gt;(Products.java:15)
	at org.selenium.pom.tests.AddToCartTest.addToCartFromStorePage(AddToCartTest.java:23)
	at java.base/java.util.concurrent.Executors$RunnableAdapter.call(Executors.java:515)
	at java.base/java.util.concurrent.FutureTask.run(FutureTask.java:264)
	at java.base/java.util.concurrent.ThreadPoolExecutor.runWorker(ThreadPoolExecutor.java:1128)
	at java.base/java.util.concurrent.ThreadPoolExecutor$Worker.run(ThreadPoolExecutor.java:628)
	at java.base/java.lang.Thread.run(Thread.java:834)
... Removed 13 stack frames</div></td></tr></table><p class="totop"><a href="#summary">back to summary</a></p>
<h3 id="m2">org.selenium.pom.tests.CheckOutTest#guestCheckOutUsingDirectBankTransfer</h3><table class="result"><tr><th>Exception</th></tr><tr><td><div class="stacktrace">java.lang.IllegalArgumentException: argument &quot;src&quot; is null
	at com.fasterxml.jackson.databind.ObjectMapper._assertNotNull(ObjectMapper.java:4980)
	at com.fasterxml.jackson.databind.ObjectMapper.readValue(ObjectMapper.java:3808)
	at org.selenium.pom.utils.JacksonUtils.deserializeJson(JacksonUtils.java:18)
	at org.selenium.pom.tests.CheckOutTest.guestCheckOutUsingDirectBankTransfer(CheckOutTest.java:21)
	at java.base/java.util.concurrent.Executors$RunnableAdapter.call(Executors.java:515)
	at java.base/java.util.concurrent.FutureTask.run(FutureTask.java:264)
	at java.base/java.util.concurrent.ThreadPoolExecutor.runWorker(ThreadPoolExecutor.java:1128)
	at java.base/java.util.concurrent.ThreadPoolExecutor$Worker.run(ThreadPoolExecutor.java:628)
	at java.base/java.lang.Thread.run(Thread.java:834)
... Removed 13 stack frames</div></td></tr></table><p class="totop"><a href="#summary">back to summary</a></p>
<h3 id="m3">org.selenium.pom.tests.CheckOutTest#loginAndCheckOutUsingDirectBankTransfer</h3><table class="result"><tr><th>Exception</th></tr><tr><td><div class="stacktrace">java.lang.IllegalArgumentException: argument &quot;src&quot; is null
	at com.fasterxml.jackson.databind.ObjectMapper._assertNotNull(ObjectMapper.java:4980)
	at com.fasterxml.jackson.databind.ObjectMapper.readValue(ObjectMapper.java:3808)
	at org.selenium.pom.utils.JacksonUtils.deserializeJson(JacksonUtils.java:18)
	at org.selenium.pom.tests.CheckOutTest.loginAndCheckOutUsingDirectBankTransfer(CheckOutTest.java:37)
	at java.base/java.util.concurrent.Executors$RunnableAdapter.call(Executors.java:515)
	at java.base/java.util.concurrent.FutureTask.run(FutureTask.java:264)
	at java.base/java.util.concurrent.ThreadPoolExecutor.runWorker(ThreadPoolExecutor.java:1128)
	at java.base/java.util.concurrent.ThreadPoolExecutor$Worker.run(ThreadPoolExecutor.java:628)
	at java.base/java.lang.Thread.run(Thread.java:834)
... Removed 13 stack frames</div></td></tr></table><p class="totop"><a href="#summary">back to summary</a></p>
<h3 id="m4">org.selenium.pom.tests.LoginTest#loginDuringCheckOut</h3><table class="result"><tr><th>Exception</th></tr><tr><td><div class="stacktrace">java.lang.IllegalArgumentException: argument &quot;src&quot; is null
	at com.fasterxml.jackson.databind.ObjectMapper._assertNotNull(ObjectMapper.java:4980)
	at com.fasterxml.jackson.databind.ObjectMapper.readValue(ObjectMapper.java:3808)
	at org.selenium.pom.utils.JacksonUtils.deserializeJson(JacksonUtils.java:18)
	at org.selenium.pom.objects.Products.&lt;init&gt;(Products.java:15)
	at org.selenium.pom.tests.LoginTest.loginDuringCheckOut(LoginTest.java:26)
	at java.base/java.util.concurrent.Executors$RunnableAdapter.call(Executors.java:515)
	at java.base/java.util.concurrent.FutureTask.run(FutureTask.java:264)
	at java.base/java.util.concurrent.ThreadPoolExecutor.runWorker(ThreadPoolExecutor.java:1128)
	at java.base/java.util.concurrent.ThreadPoolExecutor$Worker.run(ThreadPoolExecutor.java:628)
	at java.base/java.lang.Thread.run(Thread.java:834)
... Removed 13 stack frames</div></td></tr></table><p class="totop"><a href="#summary">back to summary</a></p>
<h3 id="m5">org.selenium.pom.tests.AddToCartTest#addToCartProductFromStore</h3><table class="result"><tr class="param"><th>Parameter #1</th></tr><tr class="param stripe"><td>[org.selenium.pom.objects.StoreProducts@2a608ecf, org.selenium.pom.objects.StoreProducts@33949d20, org.selenium.pom.objects.StoreProducts@447e5636, org.selenium.pom.objects.StoreProducts@4e514c78, org.selenium.pom.objects.StoreProducts@60e9a58b]</td></tr></table><p class="totop"><a href="#summary">back to summary</a></p>
<h3 id="m6">org.selenium.pom.tests.SearchTest#SearchWithPartialTest</h3><table class="result"><tr><th class="invisible"/></tr></table><p class="totop"><a href="#summary">back to summary</a></p>
<h3 id="m7">org.selenium.pom.tests.SearchTest#dummytest3</h3><table class="result"><tr><th class="invisible"/></tr></table><p class="totop"><a href="#summary">back to summary</a></p>
</body>
</html>
